<?xml version="1.0" encoding="UTF-8"?>
<!-- Generated by org.testng.reporters.JUnitXMLReporter -->
<testsuite ignored="4" hostname="Ashutosh" failures="0" tests="2" name="Test" time="37.837" errors="0" timestamp="2023-09-13T23:59:06 IST">
  <testcase classname="com.test.UploadResume" name="f" time="9.008"/>
  <testcase classname="com.test.ApplyJobs" name="applyJobs" time="26.461"/>
  <testcase classname="base.BaseTest" name="@BeforeTest beforeTest" time="0.0">
    <ignored/>
  </testcase> <!-- @BeforeTest beforeTest -->
  <testcase classname="base.BaseTest" name="@AfterTest afterTest" time="0.0">
    <ignored/>
  </testcase> <!-- @AfterTest afterTest -->
  <testcase classname="base.BaseTest" name="@AfterSuite afterSuite" time="0.0">
    <ignored/>
  </testcase> <!-- @AfterSuite afterSuite -->
  <testcase classname="base.BaseTest" name="@BeforeSuite beforeSite" time="0.0">
    <ignored/>
  </testcase> <!-- @BeforeSuite beforeSite -->
</testsuite> <!-- Test -->
