<?xml version="1.0" encoding="UTF-8"?>
<testng-results ignored="0" total="1" passed="1" failed="0" skipped="0">
  <reporter-output>
  </reporter-output>
  <suite started-at="2023-08-04T19:45:19 IST" name="Default suite" finished-at="2023-08-04T19:45:33 IST" duration-ms="14646">
    <groups>
    </groups>
    <test started-at="2023-08-04T19:45:19 IST" name="Default test" finished-at="2023-08-04T19:45:33 IST" duration-ms="14646">
      <class name="com.test.Test1">
        <test-method is-config="true" signature="beforeSite()[pri:0, instance:com.test.Test1@2e8c1c9b]" started-at="2023-08-04T19:45:16 IST" name="beforeSite" finished-at="2023-08-04T19:45:19 IST" duration-ms="3025" status="PASS">
          <reporter-output>
          </reporter-output>
        </test-method> <!-- beforeSite -->
        <test-method is-config="true" signature="beforeTest()[pri:0, instance:com.test.Test1@2e8c1c9b]" started-at="2023-08-04T19:45:19 IST" name="beforeTest" finished-at="2023-08-04T19:45:24 IST" duration-ms="4916" status="PASS">
          <reporter-output>
          </reporter-output>
        </test-method> <!-- beforeTest -->
        <test-method signature="f(java.lang.String,java.lang.String)[pri:0, instance:com.test.Test1@2e8c1c9b]" started-at="2023-08-04T19:45:24 IST" name="f" data-provider="login" finished-at="2023-08-04T19:45:33 IST" duration-ms="9252" status="PASS">
          <params>
            <param index="0">
              <value>
                <![CDATA[iamashutoshbehera@gmail.com]]>
              </value>
            </param>
            <param index="1">
              <value>
                <![CDATA[Ashutosh@35]]>
              </value>
            </param>
          </params>
          <reporter-output>
          </reporter-output>
        </test-method> <!-- f -->
        <test-method is-config="true" signature="afterTest()[pri:0, instance:com.test.Test1@2e8c1c9b]" started-at="2023-08-04T19:45:33 IST" name="afterTest" finished-at="2023-08-04T19:45:33 IST" duration-ms="395" status="PASS">
          <reporter-output>
          </reporter-output>
        </test-method> <!-- afterTest -->
        <test-method is-config="true" signature="afterSuite()[pri:0, instance:com.test.Test1@2e8c1c9b]" started-at="2023-08-04T19:45:33 IST" name="afterSuite" finished-at="2023-08-04T19:45:33 IST" duration-ms="2" status="PASS">
          <reporter-output>
          </reporter-output>
        </test-method> <!-- afterSuite -->
      </class> <!-- com.test.Test1 -->
    </test> <!-- Default test -->
  </suite> <!-- Default suite -->
</testng-results>
